{"level":"info","message":"Hello from Acquisitions!","service":"acquisition-api"}
{"level":"info","message":"::1 - - [09/Oct/2025:18:07:55 +0000] \"GET / HTTP/1.1\" 200 24 \"-\" \"Mozilla/5.0 (Windows NT 10.0; Win64; x64) AppleWebKit/537.36 (KHTML, like Gecko) Chrome/141.0.0.0 Safari/537.36\"","service":"acquisition-api"}
{"level":"info","message":"::1 - - [09/Oct/2025:18:07:55 +0000] \"GET /favicon.ico HTTP/1.1\" 404 150 \"-\" \"Mozilla/5.0 (Windows NT 10.0; Win64; x64) AppleWebKit/537.36 (KHTML, like Gecko) Chrome/141.0.0.0 Safari/537.36\"","service":"acquisition-api"}
{"level":"info","message":"Hello from Acquisitions!","service":"acquisition-api"}
{"level":"info","message":"::1 - - [10/Oct/2025:10:02:49 +0000] \"GET / HTTP/1.1\" 200 24 \"-\" \"PostmanRuntime/7.39.1\"","service":"acquisition-api"}
{"level":"info","message":"::1 - - [10/Oct/2025:10:03:38 +0000] \"GET /health HTTP/1.1\" 200 75 \"-\" \"PostmanRuntime/7.39.1\"","service":"acquisition-api"}
{"level":"info","message":"::1 - - [10/Oct/2025:10:03:52 +0000] \"GET /api HTTP/1.1\" 404 142 \"-\" \"PostmanRuntime/7.39.1\"","service":"acquisition-api"}
{"level":"info","message":"::1 - - [10/Oct/2025:10:06:58 +0000] \"GET /api HTTP/1.1\" 200 37 \"-\" \"PostmanRuntime/7.39.1\"","service":"acquisition-api"}
{"level":"info","message":"::1 - - [10/Oct/2025:10:07:55 +0000] \"GET /api/auth/sign-up HTTP/1.1\" 404 155 \"-\" \"PostmanRuntime/7.39.1\"","service":"acquisition-api"}
{"level":"info","message":"::1 - - [10/Oct/2025:10:08:29 +0000] \"GET /api/auth/sign-up HTTP/1.1\" 404 155 \"-\" \"PostmanRuntime/7.39.1\"","service":"acquisition-api"}
{"level":"info","message":"::1 - - [10/Oct/2025:10:08:31 +0000] \"GET /api/auth/sign-up HTTP/1.1\" 404 155 \"-\" \"PostmanRuntime/7.39.1\"","service":"acquisition-api"}
{"level":"info","message":"::1 - - [10/Oct/2025:10:08:33 +0000] \"GET /api/auth/sign-up HTTP/1.1\" 404 155 \"-\" \"PostmanRuntime/7.39.1\"","service":"acquisition-api"}
{"level":"info","message":"::1 - - [10/Oct/2025:10:08:34 +0000] \"GET /api/auth/sign-up HTTP/1.1\" 404 155 \"-\" \"PostmanRuntime/7.39.1\"","service":"acquisition-api"}
{"level":"info","message":"::1 - - [10/Oct/2025:10:09:11 +0000] \"GET /api/auth/sign-up HTTP/1.1\" 404 155 \"-\" \"PostmanRuntime/7.39.1\"","service":"acquisition-api"}
{"level":"info","message":"::1 - - [10/Oct/2025:10:09:21 +0000] \"GET /api/auth/sign-in HTTP/1.1\" 404 155 \"-\" \"PostmanRuntime/7.39.1\"","service":"acquisition-api"}
{"level":"info","message":"::1 - - [10/Oct/2025:10:10:49 +0000] \"GET /api HTTP/1.1\" 200 37 \"-\" \"PostmanRuntime/7.39.1\"","service":"acquisition-api"}
{"level":"info","message":"::1 - - [10/Oct/2025:10:11:04 +0000] \"GET /api/auth/sign-in HTTP/1.1\" 404 155 \"-\" \"PostmanRuntime/7.39.1\"","service":"acquisition-api"}
{"level":"info","message":"::1 - - [10/Oct/2025:10:11:11 +0000] \"GET /api/auth/sign-in HTTP/1.1\" 404 155 \"-\" \"PostmanRuntime/7.39.1\"","service":"acquisition-api"}
{"level":"info","message":"::1 - - [10/Oct/2025:10:11:15 +0000] \"GET /api/auth/sign-in HTTP/1.1\" 404 155 \"-\" \"PostmanRuntime/7.39.1\"","service":"acquisition-api"}
{"level":"info","message":"::1 - - [10/Oct/2025:10:11:16 +0000] \"GET /api/auth/sign-in HTTP/1.1\" 404 155 \"-\" \"PostmanRuntime/7.39.1\"","service":"acquisition-api"}
{"level":"info","message":"::1 - - [10/Oct/2025:10:12:13 +0000] \"GET /api/auth/sign-in HTTP/1.1\" 404 155 \"-\" \"PostmanRuntime/7.39.1\"","service":"acquisition-api"}
{"level":"info","message":"::1 - - [10/Oct/2025:10:12:15 +0000] \"GET /api/auth/sign-in HTTP/1.1\" 404 155 \"-\" \"PostmanRuntime/7.39.1\"","service":"acquisition-api"}
{"level":"info","message":"::1 - - [10/Oct/2025:10:12:23 +0000] \"GET /api/auth/sign-up HTTP/1.1\" 404 155 \"-\" \"PostmanRuntime/7.39.1\"","service":"acquisition-api"}
{"level":"info","message":"::1 - - [10/Oct/2025:10:12:25 +0000] \"GET /api/auth/sign-up HTTP/1.1\" 404 155 \"-\" \"PostmanRuntime/7.39.1\"","service":"acquisition-api"}
{"level":"info","message":"::1 - - [10/Oct/2025:10:12:25 +0000] \"GET /api/auth/sign-up HTTP/1.1\" 404 155 \"-\" \"PostmanRuntime/7.39.1\"","service":"acquisition-api"}
{"level":"info","message":"::1 - - [10/Oct/2025:10:12:25 +0000] \"GET /api/auth/sign-up HTTP/1.1\" 404 155 \"-\" \"PostmanRuntime/7.39.1\"","service":"acquisition-api"}
{"level":"info","message":"::1 - - [10/Oct/2025:10:12:25 +0000] \"GET /api/auth/sign-up HTTP/1.1\" 404 155 \"-\" \"PostmanRuntime/7.39.1\"","service":"acquisition-api"}
{"level":"info","message":"::1 - - [10/Oct/2025:10:12:26 +0000] \"GET /api/auth/sign-up HTTP/1.1\" 404 155 \"-\" \"PostmanRuntime/7.39.1\"","service":"acquisition-api"}
{"level":"info","message":"::1 - - [10/Oct/2025:10:12:26 +0000] \"GET /api/auth/sign-up HTTP/1.1\" 404 155 \"-\" \"PostmanRuntime/7.39.1\"","service":"acquisition-api"}
{"level":"info","message":"::1 - - [10/Oct/2025:10:12:27 +0000] \"GET /api/auth/sign-up HTTP/1.1\" 404 155 \"-\" \"PostmanRuntime/7.39.1\"","service":"acquisition-api"}
{"level":"info","message":"::1 - - [10/Oct/2025:10:12:27 +0000] \"GET /api/auth/sign-up HTTP/1.1\" 404 155 \"-\" \"PostmanRuntime/7.39.1\"","service":"acquisition-api"}
{"level":"info","message":"::1 - - [10/Oct/2025:10:17:43 +0000] \"GET /api/auth/sign-up HTTP/1.1\" 404 155 \"-\" \"PostmanRuntime/7.39.1\"","service":"acquisition-api"}
{"level":"info","message":"::1 - - [10/Oct/2025:10:17:45 +0000] \"GET /api/auth/sign-up HTTP/1.1\" 404 155 \"-\" \"PostmanRuntime/7.39.1\"","service":"acquisition-api"}
{"level":"info","message":"::1 - - [10/Oct/2025:10:18:22 +0000] \"GET /api HTTP/1.1\" 200 37 \"-\" \"PostmanRuntime/7.39.1\"","service":"acquisition-api"}
{"level":"info","message":"::1 - - [10/Oct/2025:10:18:32 +0000] \"GET /api/auth/sign-in HTTP/1.1\" 404 155 \"-\" \"PostmanRuntime/7.39.1\"","service":"acquisition-api"}
{"level":"info","message":"::1 - - [10/Oct/2025:10:20:38 +0000] \"POST /api/auth/sign-in HTTP/1.1\" 200 30 \"-\" \"PostmanRuntime/7.39.1\"","service":"acquisition-api"}
{"level":"error","message":"Signup error errors.issues.map(...).json is not a function","service":"acquisition-api","stack":"TypeError: errors.issues.map(...).json is not a function\n    at formatValidationError (file:///C:/Users/mrman/Desktop/coding/learning/acquisitions/src/utils/format.js:5:46)\n    at signup (file:///C:/Users/mrman/Desktop/coding/learning/acquisitions/src/controllers/auth.controller.js:12:18)\n    at Layer.handleRequest (C:\\Users\\mrman\\Desktop\\coding\\learning\\acquisitions\\node_modules\\router\\lib\\layer.js:152:17)\n    at next (C:\\Users\\mrman\\Desktop\\coding\\learning\\acquisitions\\node_modules\\router\\lib\\route.js:157:13)\n    at Route.dispatch (C:\\Users\\mrman\\Desktop\\coding\\learning\\acquisitions\\node_modules\\router\\lib\\route.js:117:3)\n    at handle (C:\\Users\\mrman\\Desktop\\coding\\learning\\acquisitions\\node_modules\\router\\index.js:435:11)\n    at Layer.handleRequest (C:\\Users\\mrman\\Desktop\\coding\\learning\\acquisitions\\node_modules\\router\\lib\\layer.js:152:17)\n    at C:\\Users\\mrman\\Desktop\\coding\\learning\\acquisitions\\node_modules\\router\\index.js:295:15\n    at processParams (C:\\Users\\mrman\\Desktop\\coding\\learning\\acquisitions\\node_modules\\router\\index.js:582:12)\n    at next (C:\\Users\\mrman\\Desktop\\coding\\learning\\acquisitions\\node_modules\\router\\index.js:291:5)"}
{"level":"info","message":"::1 - - [10/Oct/2025:12:38:06 +0000] \"POST /api/auth/sign-up HTTP/1.1\" 400 1420 \"-\" \"PostmanRuntime/7.39.1\"","service":"acquisition-api"}
{"level":"info","message":"::1 - - [10/Oct/2025:12:40:28 +0000] \"POST /api/auth/sign-up HTTP/1.1\" 400 92 \"-\" \"PostmanRuntime/7.39.1\"","service":"acquisition-api"}
{"level":"info","message":"::1 - - [10/Oct/2025:12:43:37 +0000] \"POST /api/auth/sign-up HTTP/1.1\" 400 92 \"-\" \"PostmanRuntime/7.39.1\"","service":"acquisition-api"}
{"level":"info","message":"::1 - - [10/Oct/2025:12:43:55 +0000] \"POST /api/auth/sign-up HTTP/1.1\" 400 92 \"-\" \"PostmanRuntime/7.39.1\"","service":"acquisition-api"}
{"level":"info","message":"User registered successfully: contact@acquisition.com","service":"acquisition-api"}
{"level":"info","message":"::1 - - [10/Oct/2025:12:49:10 +0000] \"POST /api/auth/sign-up HTTP/1.1\" 201 114 \"-\" \"PostmanRuntime/7.39.1\"","service":"acquisition-api"}
